Base path: /Applications/Unity/Unity.app/Contents
Cmd: getPlatforms
Cmd: compileSnippet
  api=15 type=0 insize=986 outsize=13302 kw=DIRECTIONAL SHADOWS_SCREEN LIGHTMAP_OFF DYNAMICLIGHTMAP_OFF _EMISSION _NORMALMAP pd=UNITY_NO_SCREENSPACE_SHADOWS UNITY_ENABLE_REFLECTION_BUFFERS UNITY_PBS_USE_BRDF2 SHADER_API_DESKTOP UNITY_HARDWARE_TIER3 ok=1
Cmd: compileSnippet
  api=15 type=1 insize=986 outsize=0 kw=DIRECTIONAL SHADOWS_SCREEN LIGHTMAP_OFF DYNAMICLIGHTMAP_OFF _EMISSION _NORMALMAP pd=UNITY_NO_SCREENSPACE_SHADOWS UNITY_ENABLE_REFLECTION_BUFFERS UNITY_PBS_USE_BRDF2 SHADER_API_DESKTOP UNITY_HARDWARE_TIER3 ok=1
Cmd: compileSnippet
  api=15 type=0 insize=986 outsize=11066 kw=DIRECTIONAL LIGHTMAP_OFF DYNAMICLIGHTMAP_OFF _EMISSION _SMOOTHNESS_TEXTURE_ALBEDO_CHANNEL_A _ALPHATEST_ON pd=UNITY_NO_SCREENSPACE_SHADOWS UNITY_ENABLE_REFLECTION_BUFFERS UNITY_PBS_USE_BRDF2 SHADER_API_DESKTOP UNITY_HARDWARE_TIER3 ok=1
Cmd: compileSnippet
  api=15 type=1 insize=986 outsize=0 kw=DIRECTIONAL LIGHTMAP_OFF DYNAMICLIGHTMAP_OFF _EMISSION _SMOOTHNESS_TEXTURE_ALBEDO_CHANNEL_A _ALPHATEST_ON pd=UNITY_NO_SCREENSPACE_SHADOWS UNITY_ENABLE_REFLECTION_BUFFERS UNITY_PBS_USE_BRDF2 SHADER_API_DESKTOP UNITY_HARDWARE_TIER3 ok=1
Cmd: compileSnippet
  api=15 type=0 insize=912 outsize=5911 kw=DIRECTIONAL _SMOOTHNESS_TEXTURE_ALBEDO_CHANNEL_A _ALPHATEST_ON pd=UNITY_NO_SCREENSPACE_SHADOWS UNITY_ENABLE_REFLECTION_BUFFERS UNITY_PBS_USE_BRDF2 SHADER_API_DESKTOP UNITY_HARDWARE_TIER3 ok=1
Cmd: compileSnippet
  api=15 type=1 insize=912 outsize=0 kw=DIRECTIONAL _SMOOTHNESS_TEXTURE_ALBEDO_CHANNEL_A _ALPHATEST_ON pd=UNITY_NO_SCREENSPACE_SHADOWS UNITY_ENABLE_REFLECTION_BUFFERS UNITY_PBS_USE_BRDF2 SHADER_API_DESKTOP UNITY_HARDWARE_TIER3 ok=1
Cmd: compileSnippet
  api=15 type=0 insize=986 outsize=10871 kw=DIRECTIONAL LIGHTMAP_OFF DYNAMICLIGHTMAP_OFF _ALPHATEST_ON pd=UNITY_NO_SCREENSPACE_SHADOWS UNITY_ENABLE_REFLECTION_BUFFERS UNITY_PBS_USE_BRDF2 SHADER_API_DESKTOP UNITY_HARDWARE_TIER3 ok=1
Cmd: compileSnippet
  api=15 type=1 insize=986 outsize=0 kw=DIRECTIONAL LIGHTMAP_OFF DYNAMICLIGHTMAP_OFF _ALPHATEST_ON pd=UNITY_NO_SCREENSPACE_SHADOWS UNITY_ENABLE_REFLECTION_BUFFERS UNITY_PBS_USE_BRDF2 SHADER_API_DESKTOP UNITY_HARDWARE_TIER3 ok=1
Cmd: compileSnippet
  api=15 type=0 insize=986 outsize=9609 kw=DIRECTIONAL LIGHTMAP_OFF DYNAMICLIGHTMAP_OFF _SPECULARHIGHLIGHTS_OFF _ALPHATEST_ON pd=UNITY_NO_SCREENSPACE_SHADOWS UNITY_ENABLE_REFLECTION_BUFFERS UNITY_PBS_USE_BRDF2 SHADER_API_DESKTOP UNITY_HARDWARE_TIER3 ok=1
Cmd: compileSnippet
  api=15 type=1 insize=986 outsize=0 kw=DIRECTIONAL LIGHTMAP_OFF DYNAMICLIGHTMAP_OFF _SPECULARHIGHLIGHTS_OFF _ALPHATEST_ON pd=UNITY_NO_SCREENSPACE_SHADOWS UNITY_ENABLE_REFLECTION_BUFFERS UNITY_PBS_USE_BRDF2 SHADER_API_DESKTOP UNITY_HARDWARE_TIER3 ok=1
Cmd: compileSnippet
  api=15 type=0 insize=912 outsize=4113 kw=DIRECTIONAL _SPECULARHIGHLIGHTS_OFF _ALPHATEST_ON pd=UNITY_NO_SCREENSPACE_SHADOWS UNITY_ENABLE_REFLECTION_BUFFERS UNITY_PBS_USE_BRDF2 SHADER_API_DESKTOP UNITY_HARDWARE_TIER3 ok=1
Cmd: compileSnippet
  api=15 type=1 insize=912 outsize=0 kw=DIRECTIONAL _SPECULARHIGHLIGHTS_OFF _ALPHATEST_ON pd=UNITY_NO_SCREENSPACE_SHADOWS UNITY_ENABLE_REFLECTION_BUFFERS UNITY_PBS_USE_BRDF2 SHADER_API_DESKTOP UNITY_HARDWARE_TIER3 ok=1
Cmd: compileSnippet
  api=15 type=0 insize=986 outsize=8943 kw=DIRECTIONAL LIGHTMAP_OFF DYNAMICLIGHTMAP_OFF _GLOSSYREFLECTIONS_OFF _SPECULARHIGHLIGHTS_OFF _ALPHATEST_ON pd=UNITY_NO_SCREENSPACE_SHADOWS UNITY_ENABLE_REFLECTION_BUFFERS UNITY_PBS_USE_BRDF2 SHADER_API_DESKTOP UNITY_HARDWARE_TIER3 ok=1
Cmd: compileSnippet
  api=15 type=1 insize=986 outsize=0 kw=DIRECTIONAL LIGHTMAP_OFF DYNAMICLIGHTMAP_OFF _GLOSSYREFLECTIONS_OFF _SPECULARHIGHLIGHTS_OFF _ALPHATEST_ON pd=UNITY_NO_SCREENSPACE_SHADOWS UNITY_ENABLE_REFLECTION_BUFFERS UNITY_PBS_USE_BRDF2 SHADER_API_DESKTOP UNITY_HARDWARE_TIER3 ok=1
